<?xml version="1.0" encoding="UTF-8"?>
<!-- Generated by org.testng.reporters.JUnitReportReporter -->
<testsuite hostname="DESKTOP-AM4RQ03" failures="0" tests="1" name="session.NewUpdatedSession" time="19.723" errors="0" timestamp="2024-01-19T12:58:48 IST" skipped="0">
  <testcase classname="session.NewUpdatedSession" name="newSession" time="19.723"/>
  <system-out/>
</testsuite> <!-- session.NewUpdatedSession -->
