<?xml version="1.0" encoding="UTF-8"?>
<!-- Generated by org.testng.reporters.JUnitReportReporter -->
<testsuite hostname="DESKTOP-AM4RQ03" failures="0" tests="1" name="newScenario.WorkingWithApp" time="18.562" errors="0" timestamp="2024-01-19T23:53:22 IST" skipped="0">
  <testcase classname="newScenario.WorkingWithApp" name="appTest" time="18.562"/>
  <system-out/>
</testsuite> <!-- newScenario.WorkingWithApp -->
