<?xml version="1.0" encoding="UTF-8"?>
<!-- Generated by org.testng.reporters.JUnitReportReporter -->
<testsuite hostname="DESKTOP-AM4RQ03" failures="0" tests="1" name="elementsActions.LocatorsDemo" time="34.119" errors="0" timestamp="2024-01-18T16:26:36 IST" skipped="0">
  <testcase classname="elementsActions.LocatorsDemo" name="androidLocators" time="34.119"/>
  <system-out/>
</testsuite> <!-- elementsActions.LocatorsDemo -->
