<?xml version="1.0" encoding="UTF-8"?>
<!-- Generated by org.testng.reporters.JUnitReportReporter -->
<testsuite hostname="DESKTOP-AM4RQ03" failures="0" tests="1" name="assignments.Assignment2" time="25.012" errors="0" timestamp="2024-01-20T10:56:21 IST" skipped="0">
  <testcase classname="assignments.Assignment2" name="workingWithApp" time="25.012"/>
  <system-out/>
</testsuite> <!-- assignments.Assignment2 -->
